Determining if the pthread_create exist failed with the following output:
Change Dir: /home/lhx/project/pointnet-autoencoder/depth_map_interpolation/data/interpolation/cmake-build-debug/CMakeFiles/CMakeTmp

Run Build Command(s):/usr/bin/make cmTC_e4f79/fast 
/usr/bin/make -f CMakeFiles/cmTC_e4f79.dir/build.make CMakeFiles/cmTC_e4f79.dir/build
make[1]: Entering directory '/home/lhx/project/pointnet-autoencoder/depth_map_interpolation/data/interpolation/cmake-build-debug/CMakeFiles/CMakeTmp'
Building C object CMakeFiles/cmTC_e4f79.dir/CheckSymbolExists.c.o
/usr/bin/cc   -fPIC    -o CMakeFiles/cmTC_e4f79.dir/CheckSymbolExists.c.o   -c /home/lhx/project/pointnet-autoencoder/depth_map_interpolation/data/interpolation/cmake-build-debug/CMakeFiles/CMakeTmp/CheckSymbolExists.c
Linking C executable cmTC_e4f79
/media/lhx/data2T/Software/clion-2019.1.2/bin/cmake/linux/bin/cmake -E cmake_link_script CMakeFiles/cmTC_e4f79.dir/link.txt --verbose=1
/usr/bin/cc -fPIC     -rdynamic CMakeFiles/cmTC_e4f79.dir/CheckSymbolExists.c.o  -o cmTC_e4f79 
CMakeFiles/cmTC_e4f79.dir/CheckSymbolExists.c.o: In function `main':
CheckSymbolExists.c:(.text+0x1b): undefined reference to `pthread_create'
collect2: error: ld returned 1 exit status
CMakeFiles/cmTC_e4f79.dir/build.make:86: recipe for target 'cmTC_e4f79' failed
make[1]: *** [cmTC_e4f79] Error 1
make[1]: Leaving directory '/home/lhx/project/pointnet-autoencoder/depth_map_interpolation/data/interpolation/cmake-build-debug/CMakeFiles/CMakeTmp'
Makefile:121: recipe for target 'cmTC_e4f79/fast' failed
make: *** [cmTC_e4f79/fast] Error 2

File /home/lhx/project/pointnet-autoencoder/depth_map_interpolation/data/interpolation/cmake-build-debug/CMakeFiles/CMakeTmp/CheckSymbolExists.c:
/* */
#include <pthread.h>

int main(int argc, char** argv)
{
  (void)argv;
#ifndef pthread_create
  return ((int*)(&pthread_create))[argc];
#else
  (void)argc;
  return 0;
#endif
}

Determining if the function pthread_create exists in the pthreads failed with the following output:
Change Dir: /home/lhx/project/pointnet-autoencoder/depth_map_interpolation/data/interpolation/cmake-build-debug/CMakeFiles/CMakeTmp

Run Build Command(s):/usr/bin/make cmTC_293fb/fast 
/usr/bin/make -f CMakeFiles/cmTC_293fb.dir/build.make CMakeFiles/cmTC_293fb.dir/build
make[1]: Entering directory '/home/lhx/project/pointnet-autoencoder/depth_map_interpolation/data/interpolation/cmake-build-debug/CMakeFiles/CMakeTmp'
Building C object CMakeFiles/cmTC_293fb.dir/CheckFunctionExists.c.o
/usr/bin/cc   -fPIC -DCHECK_FUNCTION_EXISTS=pthread_create   -o CMakeFiles/cmTC_293fb.dir/CheckFunctionExists.c.o   -c /media/lhx/data2T/Software/clion-2019.1.2/bin/cmake/linux/share/cmake-3.14/Modules/CheckFunctionExists.c
Linking C executable cmTC_293fb
/media/lhx/data2T/Software/clion-2019.1.2/bin/cmake/linux/bin/cmake -E cmake_link_script CMakeFiles/cmTC_293fb.dir/link.txt --verbose=1
/usr/bin/cc -fPIC -DCHECK_FUNCTION_EXISTS=pthread_create    -rdynamic CMakeFiles/cmTC_293fb.dir/CheckFunctionExists.c.o  -o cmTC_293fb -lpthreads 
/usr/bin/ld: cannot find -lpthreads
collect2: error: ld returned 1 exit status
CMakeFiles/cmTC_293fb.dir/build.make:86: recipe for target 'cmTC_293fb' failed
make[1]: *** [cmTC_293fb] Error 1
make[1]: Leaving directory '/home/lhx/project/pointnet-autoencoder/depth_map_interpolation/data/interpolation/cmake-build-debug/CMakeFiles/CMakeTmp'
Makefile:121: recipe for target 'cmTC_293fb/fast' failed
make: *** [cmTC_293fb/fast] Error 2


